#
# A fatal error has been detected by the Java Runtime Environment:
#
#  SIGSEGV (0xb) at pc=0x00000001285c695c, pid=1818, tid=0x0000000000005f03
#
# JRE version: Java(TM) SE Runtime Environment (8.0_144-b01) (build 1.8.0_144-b01)
# Java VM: Java HotSpot(TM) 64-Bit Server VM (25.144-b01 mixed mode bsd-amd64 compressed oops)
# Problematic frame:
# C  [libtesseract.dylib+0x1395c]  _ZN9tesseract9Tesseract15recog_all_wordsEP8PAGE_RESP10ETEXT_DESCPK4TBOXPKci+0xb0
#
# Failed to write core dump. Core dumps have been disabled. To enable core dumping, try "ulimit -c unlimited" before starting Java again
#
# If you would like to submit a bug report, please visit:
#   http://bugreport.java.com/bugreport/crash.jsp
# The crash happened outside the Java Virtual Machine in native code.
# See problematic frame for where to report the bug.
#

---------------  T H R E A D  ---------------

Current thread (0x00007f86d9495000):  JavaThread "http-nio-8088-exec-1" daemon [_thread_in_native, id=24323, stack(0x000000012735a000,0x000000012745a000)]

siginfo: si_signo: 11 (SIGSEGV), si_code: 1 (SEGV_MAPERR), si_addr: 0x000000000000000c

Registers:
RAX=0x0000000000000000, RBX=0x0000000000000000, RCX=0x0000000000000000, RDX=0x0000000000000000
RSP=0x00000001274563c0, RBP=0x0000000127456550, RSI=0x0000000000000000, RDI=0x00000001274564f0
R8 =0x0000000000000000, R9 =0x0000000000000000, R10=0x00000000909fbd4c, R11=0x00000000f11c3c57
R12=0x00007f86db2896c0, R13=0x0000000000000000, R14=0x00007f86db2896c0, R15=0x00007f86da5e1800
RIP=0x00000001285c695c, EFLAGS=0x0000000000010246, ERR=0x0000000000000004
  TRAPNO=0x000000000000000e

Top of Stack: (sp=0x00000001274563c0)
0x00000001274563c0:   00007f86db28b4a8 00007f86db28b430
0x00000001274563d0:   0000000000000000 0000000000000000
0x00000001274563e0:   0000000127450000 00007f86db297f30
0x00000001274563f0:   00007f86db27ea01 00007f86db28ced0
0x0000000127456400:   00007f86db28b480 00007f86db27ebb8
0x0000000127456410:   00007f86db289cc0 0000000000000000
0x0000000127456420:   00000001274564a0 00000001286da442
0x0000000127456430:   00007f86db2896c0 0000000000000000
0x0000000127456440:   0000000000000000 0000000000000000
0x0000000127456450:   00007f86db289f40 00007f86db28b350
0x0000000127456460:   00007f86db27eb90 00007f86db28d2e0
0x0000000127456470:   00007f86db28b350 00007f86db27eb90
0x0000000127456480:   00007f86db2896c8 00007f86db27eb90
0x0000000127456490:   00007f86db27eb90 00007f86db27eb90
0x00000001274564a0:   0000000127450000 00007f86db27eb90
0x00000001274564b0:   0000000000000000 00007f86db27ebb8
0x00000001274564c0:   00007f86db28ced0 00007f86db28b350
0x00000001274564d0:   00007f86db28d220 000000000f540000
0x00000001274564e0:   00007f86db28b350 00000001285f1e00
0x00000001274564f0:   00007f86db28b370 00007f86db28d2e0
0x0000000127456500:   00007f86db289f40 00007f86db28d2e0
0x0000000127456510:   0000000127450000 00007f86db289f40
0x0000000127456520:   0000000127456501 0000000000000001
0x0000000127456530:   00007f86db2896c0 00007f86da5e1800
0x0000000127456540:   00000000ffffffff 00007f86db4d31c0
0x0000000127456550:   00000001274565c0 00000001285b738b
0x0000000127456560:   00007f86db4d31c0 00007f86db2733b0
0x0000000127456570:   0000000127456590 00007fff839f427c
0x0000000127456580:   0000000000000000 0100000000000044
0x0000000127456590:   00000001274565c0 00007f86db4d31c0
0x00000001274565a0:   0000000000000001 0000000000000001
0x00000001274565b0:   0000000000000000 95001b44b8683d74 

Instructions: (pc=0x00000001285c695c)
0x00000001285c693c:   e8 f5 94 11 00 41 83 bf c0 16 00 00 00 7e 0a 4c
0x00000001285c694c:   89 ff e8 3d b0 0c 00 eb 15 49 8b 87 10 0b 00 00
0x00000001285c695c:   80 78 0c 00 74 08 4c 89 ff e8 9a b0 0c 00 89 9d
0x00000001285c696c:   7c fe ff ff 41 83 bf f8 4b 00 00 00 7e 3b 31 db 

Register to memory mapping:

RAX=0x0000000000000000 is an unknown value
RBX=0x0000000000000000 is an unknown value
RCX=0x0000000000000000 is an unknown value
RDX=0x0000000000000000 is an unknown value
RSP=0x00000001274563c0 is pointing into the stack for thread: 0x00007f86d9495000
RBP=0x0000000127456550 is pointing into the stack for thread: 0x00007f86d9495000
RSI=0x0000000000000000 is an unknown value
RDI=0x00000001274564f0 is pointing into the stack for thread: 0x00007f86d9495000
R8 =0x0000000000000000 is an unknown value
R9 =0x0000000000000000 is an unknown value
R10=0x00000000909fbd4c is an unknown value
R11=0x00000000f11c3c57 is an unknown value
R12=0x00007f86db2896c0 is an unknown value
R13=0x0000000000000000 is an unknown value
R14=0x00007f86db2896c0 is an unknown value
R15=0x00007f86da5e1800 is an unknown value


Stack: [0x000000012735a000,0x000000012745a000],  sp=0x00000001274563c0,  free space=1008k
Native frames: (J=compiled Java code, j=interpreted, Vv=VM code, C=native code)
C  [libtesseract.dylib+0x1395c]  _ZN9tesseract9Tesseract15recog_all_wordsEP8PAGE_RESP10ETEXT_DESCPK4TBOXPKci+0xb0
C  [libtesseract.dylib+0x438b]  _ZN9tesseract11TessBaseAPI9RecognizeEP10ETEXT_DESC+0x30f
C  [libtesseract.dylib+0x2f59]  _ZN9tesseract11TessBaseAPI11GetUTF8TextEv+0x33
C  [jna4077428569859667962.tmp+0xe134]  ffi_call_unix64+0x4c
C  0x0000000127457140

Java frames: (J=compiled Java code, j=interpreted, Vv=VM code)
j  net.sourceforge.tess4j.TessAPI1.TessBaseAPIGetUTF8Text(Lnet/sourceforge/tess4j/ITessAPI$TessBaseAPI;)Lcom/sun/jna/Pointer;+0
j  net.sourceforge.tess4j.Tesseract1.getOCRText(Ljava/lang/String;I)Ljava/lang/String;+46
j  net.sourceforge.tess4j.Tesseract1.doOCR(Ljava/util/List;Ljava/lang/String;Ljava/awt/Rectangle;)Ljava/lang/String;+69
j  net.sourceforge.tess4j.Tesseract1.doOCR(Ljava/io/File;Ljava/awt/Rectangle;)Ljava/lang/String;+10
j  net.sourceforge.tess4j.Tesseract1.doOCR(Ljava/io/File;)Ljava/lang/String;+3
j  com.citi.alan.myproject.tess4j.controller.TesseractController.test()Ljava/lang/String;+60
v  ~StubRoutines::call_stub
J 1741  sun.reflect.NativeMethodAccessorImpl.invoke0(Ljava/lang/reflect/Method;Ljava/lang/Object;[Ljava/lang/Object;)Ljava/lang/Object; (0 bytes) @ 0x00000001115830f7 [0x0000000111583080+0x77]
J 1740 C1 sun.reflect.NativeMethodAccessorImpl.invoke(Ljava/lang/Object;[Ljava/lang/Object;)Ljava/lang/Object; (104 bytes) @ 0x000000011159a1d4 [0x0000000111599000+0x11d4]
J 962 C1 sun.reflect.DelegatingMethodAccessorImpl.invoke(Ljava/lang/Object;[Ljava/lang/Object;)Ljava/lang/Object; (10 bytes) @ 0x0000000111313c4c [0x0000000111313b40+0x10c]
J 965 C1 java.lang.reflect.Method.invoke(Ljava/lang/Object;[Ljava/lang/Object;)Ljava/lang/Object; (62 bytes) @ 0x00000001113154dc [0x00000001113150e0+0x3fc]
j  org.springframework.web.method.support.InvocableHandlerMethod.doInvoke([Ljava/lang/Object;)Ljava/lang/Object;+16
j  org.springframework.web.method.support.InvocableHandlerMethod.invokeForRequest(Lorg/springframework/web/context/request/NativeWebRequest;Lorg/springframework/web/method/support/ModelAndViewContainer;[Ljava/lang/Object;)Ljava/lang/Object;+75
j  org.springframework.web.servlet.mvc.method.annotation.ServletInvocableHandlerMethod.invokeAndHandle(Lorg/springframework/web/context/request/ServletWebRequest;Lorg/springframework/web/method/support/ModelAndViewContainer;[Ljava/lang/Object;)V+4
j  org.springframework.web.servlet.mvc.method.annotation.RequestMappingHandlerAdapter.invokeHandlerMethod(Ljavax/servlet/http/HttpServletRequest;Ljavax/servlet/http/HttpServletResponse;Lorg/springframework/web/method/HandlerMethod;)Lorg/springframework/web/servlet/ModelAndView;+262
j  org.springframework.web.servlet.mvc.method.annotation.RequestMappingHandlerAdapter.handleInternal(Ljavax/servlet/http/HttpServletRequest;Ljavax/servlet/http/HttpServletResponse;Lorg/springframework/web/method/HandlerMethod;)Lorg/springframework/web/servlet/ModelAndView;+81
j  org.springframework.web.servlet.mvc.method.AbstractHandlerMethodAdapter.handle(Ljavax/servlet/http/HttpServletRequest;Ljavax/servlet/http/HttpServletResponse;Ljava/lang/Object;)Lorg/springframework/web/servlet/ModelAndView;+7
j  org.springframework.web.servlet.DispatcherServlet.doDispatch(Ljavax/servlet/http/HttpServletRequest;Ljavax/servlet/http/HttpServletResponse;)V+318
j  org.springframework.web.servlet.DispatcherServlet.doService(Ljavax/servlet/http/HttpServletRequest;Ljavax/servlet/http/HttpServletResponse;)V+301
j  org.springframework.web.servlet.FrameworkServlet.processRequest(Ljavax/servlet/http/HttpServletRequest;Ljavax/servlet/http/HttpServletResponse;)V+71
j  org.springframework.web.servlet.FrameworkServlet.doGet(Ljavax/servlet/http/HttpServletRequest;Ljavax/servlet/http/HttpServletResponse;)V+3
j  javax.servlet.http.HttpServlet.service(Ljavax/servlet/http/HttpServletRequest;Ljavax/servlet/http/HttpServletResponse;)V+35
j  org.springframework.web.servlet.FrameworkServlet.service(Ljavax/servlet/http/HttpServletRequest;Ljavax/servlet/http/HttpServletResponse;)V+33
j  javax.servlet.http.HttpServlet.service(Ljavax/servlet/ServletRequest;Ljavax/servlet/ServletResponse;)V+30
j  org.apache.catalina.core.ApplicationFilterChain.internalDoFilter(Ljavax/servlet/ServletRequest;Ljavax/servlet/ServletResponse;)V+304
j  org.apache.catalina.core.ApplicationFilterChain.doFilter(Ljavax/servlet/ServletRequest;Ljavax/servlet/ServletResponse;)V+101
j  org.apache.tomcat.websocket.server.WsFilter.doFilter(Ljavax/servlet/ServletRequest;Ljavax/servlet/ServletResponse;Ljavax/servlet/FilterChain;)V+21
j  org.apache.catalina.core.ApplicationFilterChain.internalDoFilter(Ljavax/servlet/ServletRequest;Ljavax/servlet/ServletResponse;)V+135
j  org.apache.catalina.core.ApplicationFilterChain.doFilter(Ljavax/servlet/ServletRequest;Ljavax/servlet/ServletResponse;)V+101
j  org.springframework.web.filter.RequestContextFilter.doFilterInternal(Ljavax/servlet/http/HttpServletRequest;Ljavax/servlet/http/HttpServletResponse;Ljavax/servlet/FilterChain;)V+21
j  org.springframework.web.filter.OncePerRequestFilter.doFilter(Ljavax/servlet/ServletRequest;Ljavax/servlet/ServletResponse;Ljavax/servlet/FilterChain;)V+111
j  org.apache.catalina.core.ApplicationFilterChain.internalDoFilter(Ljavax/servlet/ServletRequest;Ljavax/servlet/ServletResponse;)V+135
j  org.apache.catalina.core.ApplicationFilterChain.doFilter(Ljavax/servlet/ServletRequest;Ljavax/servlet/ServletResponse;)V+101
j  org.springframework.web.filter.HttpPutFormContentFilter.doFilterInternal(Ljavax/servlet/http/HttpServletRequest;Ljavax/servlet/http/HttpServletResponse;Ljavax/servlet/FilterChain;)V+87
j  org.springframework.web.filter.OncePerRequestFilter.doFilter(Ljavax/servlet/ServletRequest;Ljavax/servlet/ServletResponse;Ljavax/servlet/FilterChain;)V+111
j  org.apache.catalina.core.ApplicationFilterChain.internalDoFilter(Ljavax/servlet/ServletRequest;Ljavax/servlet/ServletResponse;)V+135
j  org.apache.catalina.core.ApplicationFilterChain.doFilter(Ljavax/servlet/ServletRequest;Ljavax/servlet/ServletResponse;)V+101
j  org.springframework.web.filter.HiddenHttpMethodFilter.doFilterInternal(Ljavax/servlet/http/HttpServletRequest;Ljavax/servlet/http/HttpServletResponse;Ljavax/servlet/FilterChain;)V+64
j  org.springframework.web.filter.OncePerRequestFilter.doFilter(Ljavax/servlet/ServletRequest;Ljavax/servlet/ServletResponse;Ljavax/servlet/FilterChain;)V+111
j  org.apache.catalina.core.ApplicationFilterChain.internalDoFilter(Ljavax/servlet/ServletRequest;Ljavax/servlet/ServletResponse;)V+135
j  org.apache.catalina.core.ApplicationFilterChain.doFilter(Ljavax/servlet/ServletRequest;Ljavax/servlet/ServletResponse;)V+101
j  org.springframework.web.filter.CharacterEncodingFilter.doFilterInternal(Ljavax/servlet/http/HttpServletRequest;Ljavax/servlet/http/HttpServletResponse;Ljavax/servlet/FilterChain;)V+53
j  org.springframework.web.filter.OncePerRequestFilter.doFilter(Ljavax/servlet/ServletRequest;Ljavax/servlet/ServletResponse;Ljavax/servlet/FilterChain;)V+111
j  org.apache.catalina.core.ApplicationFilterChain.internalDoFilter(Ljavax/servlet/ServletRequest;Ljavax/servlet/ServletResponse;)V+135
j  org.apache.catalina.core.ApplicationFilterChain.doFilter(Ljavax/servlet/ServletRequest;Ljavax/servlet/ServletResponse;)V+101
j  org.apache.catalina.core.StandardWrapperValve.invoke(Lorg/apache/catalina/connector/Request;Lorg/apache/catalina/connector/Response;)V+688
j  org.apache.catalina.core.StandardContextValve.invoke(Lorg/apache/catalina/connector/Request;Lorg/apache/catalina/connector/Response;)V+166
j  org.apache.catalina.authenticator.AuthenticatorBase.invoke(Lorg/apache/catalina/connector/Request;Lorg/apache/catalina/connector/Response;)V+272
j  org.apache.catalina.core.StandardHostValve.invoke(Lorg/apache/catalina/connector/Request;Lorg/apache/catalina/connector/Response;)V+138
j  org.apache.catalina.valves.ErrorReportValve.invoke(Lorg/apache/catalina/connector/Request;Lorg/apache/catalina/connector/Response;)V+6
j  org.apache.catalina.core.StandardEngineValve.invoke(Lorg/apache/catalina/connector/Request;Lorg/apache/catalina/connector/Response;)V+71
j  org.apache.catalina.connector.CoyoteAdapter.service(Lorg/apache/coyote/Request;Lorg/apache/coyote/Response;)V+199
j  org.apache.coyote.http11.Http11Processor.service(Lorg/apache/tomcat/util/net/SocketWrapperBase;)Lorg/apache/tomcat/util/net/AbstractEndpoint$Handler$SocketState;+806
j  org.apache.coyote.AbstractProcessorLight.process(Lorg/apache/tomcat/util/net/SocketWrapperBase;Lorg/apache/tomcat/util/net/SocketEvent;)Lorg/apache/tomcat/util/net/AbstractEndpoint$Handler$SocketState;+113
j  org.apache.coyote.AbstractProtocol$ConnectionHandler.process(Lorg/apache/tomcat/util/net/SocketWrapperBase;Lorg/apache/tomcat/util/net/SocketEvent;)Lorg/apache/tomcat/util/net/AbstractEndpoint$Handler$SocketState;+378
j  org.apache.tomcat.util.net.NioEndpoint$SocketProcessor.doRun()V+191
j  org.apache.tomcat.util.net.SocketProcessorBase.run()V+21
j  java.util.concurrent.ThreadPoolExecutor.runWorker(Ljava/util/concurrent/ThreadPoolExecutor$Worker;)V+95
j  java.util.concurrent.ThreadPoolExecutor$Worker.run()V+5
j  org.apache.tomcat.util.threads.TaskThread$WrappingRunnable.run()V+4
j  java.lang.Thread.run()V+11
v  ~StubRoutines::call_stub

---------------  P R O C E S S  ---------------

Java Threads: ( => current thread )
  0x00007f86d9d5f000 JavaThread "Java2D Disposer" daemon [_thread_blocked, id=31751, stack(0x0000000129127000,0x0000000129227000)]
  0x00007f86d9121800 JavaThread "AWT-AppKit" daemon [_thread_in_native, id=3335, stack(0x00007fff4fed4000,0x00007fff506d4000)]
  0x00007f86da803000 JavaThread "DestroyJavaVM" [_thread_blocked, id=6403, stack(0x000000010f655000,0x000000010f755000)]
  0x00007f86da6f1800 JavaThread "http-nio-8088-AsyncTimeout" daemon [_thread_blocked, id=30979, stack(0x00000001284b1000,0x00000001285b1000)]
  0x00007f86da6f0800 JavaThread "http-nio-8088-Acceptor-0" daemon [_thread_in_native, id=30467, stack(0x00000001283ae000,0x00000001284ae000)]
  0x00007f86da50e000 JavaThread "http-nio-8088-ClientPoller-1" daemon [_thread_in_native, id=29955, stack(0x00000001282ab000,0x00000001283ab000)]
  0x00007f86da50d000 JavaThread "http-nio-8088-ClientPoller-0" daemon [_thread_in_native, id=29443, stack(0x00000001281a8000,0x00000001282a8000)]
  0x00007f86da50a800 JavaThread "http-nio-8088-exec-10" daemon [_thread_blocked, id=28931, stack(0x00000001280a5000,0x00000001281a5000)]
  0x00007f86da509800 JavaThread "http-nio-8088-exec-9" daemon [_thread_blocked, id=28419, stack(0x0000000127fa2000,0x00000001280a2000)]
  0x00007f86da7f7000 JavaThread "http-nio-8088-exec-8" daemon [_thread_blocked, id=27907, stack(0x0000000127e9f000,0x0000000127f9f000)]
  0x00007f86da7f6800 JavaThread "http-nio-8088-exec-7" daemon [_thread_blocked, id=27395, stack(0x0000000127d9c000,0x0000000127e9c000)]
  0x00007f86d95e2000 JavaThread "http-nio-8088-exec-6" daemon [_thread_blocked, id=26883, stack(0x0000000127c99000,0x0000000127d99000)]
  0x00007f86d95e1800 JavaThread "http-nio-8088-exec-5" daemon [_thread_blocked, id=26371, stack(0x0000000127b96000,0x0000000127c96000)]
  0x00007f86d95e0800 JavaThread "http-nio-8088-exec-4" daemon [_thread_blocked, id=25859, stack(0x0000000127a93000,0x0000000127b93000)]
  0x00007f86d95e0000 JavaThread "http-nio-8088-exec-3" daemon [_thread_blocked, id=25347, stack(0x0000000127990000,0x0000000127a90000)]
  0x00007f86d95df000 JavaThread "http-nio-8088-exec-2" daemon [_thread_blocked, id=24835, stack(0x000000012745d000,0x000000012755d000)]
=>0x00007f86d9495000 JavaThread "http-nio-8088-exec-1" daemon [_thread_in_native, id=24323, stack(0x000000012735a000,0x000000012745a000)]
  0x00007f86d9494800 JavaThread "NioBlockingSelector.BlockPoller-1" daemon [_thread_in_native, id=23811, stack(0x0000000127257000,0x0000000127357000)]
  0x00007f86dad5f800 JavaThread "container-0" [_thread_blocked, id=23299, stack(0x0000000126eaa000,0x0000000126faa000)]
  0x00007f86da455000 JavaThread "ContainerBackgroundProcessor[StandardEngine[Tomcat]]" daemon [_thread_blocked, id=22787, stack(0x0000000126da7000,0x0000000126ea7000)]
  0x00007f86dac18800 JavaThread "localhost-startStop-1" daemon [_thread_blocked, id=22279, stack(0x0000000126ca4000,0x0000000126da4000)]
  0x00007f86da459800 JavaThread "Tomcat-startStop-1" daemon [_thread_blocked, id=21771, stack(0x0000000125841000,0x0000000125941000)]
  0x00007f86d9032800 JavaThread "Service Thread" daemon [_thread_blocked, id=19715, stack(0x0000000124fbd000,0x00000001250bd000)]
  0x00007f86d9090800 JavaThread "C1 CompilerThread2" daemon [_thread_blocked, id=19203, stack(0x0000000124eba000,0x0000000124fba000)]
  0x00007f86d908f800 JavaThread "C2 CompilerThread1" daemon [_thread_blocked, id=18691, stack(0x0000000124db7000,0x0000000124eb7000)]
  0x00007f86d9032000 JavaThread "C2 CompilerThread0" daemon [_thread_blocked, id=18179, stack(0x0000000124cb4000,0x0000000124db4000)]
  0x00007f86d9031000 JavaThread "Signal Dispatcher" daemon [_thread_blocked, id=17667, stack(0x0000000124bb1000,0x0000000124cb1000)]
  0x00007f86da055800 JavaThread "Finalizer" daemon [_thread_blocked, id=12547, stack(0x0000000124979000,0x0000000124a79000)]
  0x00007f86da005000 JavaThread "Reference Handler" daemon [_thread_blocked, id=12035, stack(0x0000000124876000,0x0000000124976000)]

Other Threads:
  0x00007f86da819800 VMThread [stack: 0x0000000124773000,0x0000000124873000] [id=11523]
  0x00007f86d9809800 WatcherThread [stack: 0x00000001250c0000,0x00000001251c0000] [id=20227]

VM state:not at safepoint (normal execution)

VM Mutex/Monitor currently owned by a thread: None

Heap:
 PSYoungGen      total 135168K, used 124158K [0x00000007aab00000, 0x00000007b4a80000, 0x00000007c0000000)
  eden space 125952K, 91% used [0x00000007aab00000,0x00000007b1b41c60,0x00000007b2600000)
  from space 9216K, 99% used [0x00000007b2600000,0x00000007b2efdd50,0x00000007b2f00000)
  to   space 12288K, 0% used [0x00000007b3e80000,0x00000007b3e80000,0x00000007b4a80000)
 ParOldGen       total 34816K, used 14801K [0x0000000780000000, 0x0000000782200000, 0x00000007aab00000)
  object space 34816K, 42% used [0x0000000780000000,0x0000000780e747e0,0x0000000782200000)
 Metaspace       used 33777K, capacity 34188K, committed 34560K, reserved 1079296K
  class space    used 4202K, capacity 4301K, committed 4352K, reserved 1048576K

Card table byte_map: [0x0000000120367000,0x0000000120568000] byte_map_base: 0x000000011c767000

Marking Bits: (ParMarkBitMap*) 0x00000001108f35d0
 Begin Bits: [0x0000000120aca000, 0x0000000121aca000)
 End Bits:   [0x0000000121aca000, 0x0000000122aca000)

Polling page: 0x000000010f79a000

CodeCache: size=245760Kb used=12339Kb max_used=12351Kb free=233421Kb
 bounds [0x0000000110fa7000, 0x0000000111bc7000, 0x000000011ffa7000]
 total_blobs=3698 nmethods=3253 adapters=357
 compilation: enabled

Compilation events (10 events):
Event: 9.864 Thread 0x00007f86d9090800 nmethod 3320 0x0000000111bbb9d0 code [0x0000000111bbbb40, 0x0000000111bbbcd0]
Event: 9.864 Thread 0x00007f86d9090800 3321       3       java.io.RandomAccessFile::readFully (45 bytes)
Event: 9.864 Thread 0x00007f86d9032000 nmethod 3286 0x0000000111bbbd50 code [0x0000000111bbbf20, 0x0000000111bbcaa8]
Event: 9.864 Thread 0x00007f86d9090800 nmethod 3321 0x0000000111bbb290 code [0x0000000111bbb420, 0x0000000111bbb7f8]
Event: 9.870 Thread 0x00007f86d908f800 3322  s    4       java.io.ByteArrayOutputStream::write (66 bytes)
Event: 9.876 Thread 0x00007f86d9032000 3323       4       java.lang.Math::min (12 bytes)
Event: 9.877 Thread 0x00007f86d9032000 nmethod 3323 0x0000000111b52f50 code [0x0000000111b530a0, 0x0000000111b53118]
Event: 9.877 Thread 0x00007f86d9032000 3324       4       java.io.RandomAccessFile::readFully (45 bytes)
Event: 9.878 Thread 0x00007f86d9032000 nmethod 3324 0x0000000111bb8210 code [0x0000000111bb8360, 0x0000000111bb8428]
Event: 9.880 Thread 0x00007f86d908f800 nmethod 3322 0x0000000111bb9090 code [0x0000000111bb9220, 0x0000000111bb99a8]

GC Heap History (10 events):
Event: 2.002 GC heap before
{Heap before GC invocations=6 (full 0):
 PSYoungGen      total 35328K, used 35298K [0x00000007aab00000, 0x00000007af800000, 0x00000007c0000000)
  eden space 32768K, 100% used [0x00000007aab00000,0x00000007acb00000,0x00000007acb00000)
  from space 2560K, 98% used [0x00000007acb00000,0x00000007acd78bf0,0x00000007acd80000)
  to   space 6656K, 0% used [0x00000007af180000,0x00000007af180000,0x00000007af800000)
 ParOldGen       total 44032K, used 8583K [0x0000000780000000, 0x0000000782b00000, 0x00000007aab00000)
  object space 44032K, 19% used [0x0000000780000000,0x0000000780861d58,0x0000000782b00000)
 Metaspace       used 20098K, capacity 20394K, committed 20608K, reserved 1067008K
  class space    used 2467K, capacity 2570K, committed 2688K, reserved 1048576K
Event: 2.013 GC heap after
Heap after GC invocations=6 (full 0):
 PSYoungGen      total 71680K, used 5805K [0x00000007aab00000, 0x00000007af900000, 0x00000007c0000000)
  eden space 65024K, 0% used [0x00000007aab00000,0x00000007aab00000,0x00000007aea80000)
  from space 6656K, 87% used [0x00000007af180000,0x00000007af72b740,0x00000007af800000)
  to   space 7168K, 0% used [0x00000007aea80000,0x00000007aea80000,0x00000007af180000)
 ParOldGen       total 44032K, used 8591K [0x0000000780000000, 0x0000000782b00000, 0x00000007aab00000)
  object space 44032K, 19% used [0x0000000780000000,0x0000000780863d58,0x0000000782b00000)
 Metaspace       used 20098K, capacity 20394K, committed 20608K, reserved 1067008K
  class space    used 2467K, capacity 2570K, committed 2688K, reserved 1048576K
}
Event: 2.153 GC heap before
{Heap before GC invocations=7 (full 0):
 PSYoungGen      total 71680K, used 13361K [0x00000007aab00000, 0x00000007af900000, 0x00000007c0000000)
  eden space 65024K, 11% used [0x00000007aab00000,0x00000007ab260f48,0x00000007aea80000)
  from space 6656K, 87% used [0x00000007af180000,0x00000007af72b740,0x00000007af800000)
  to   space 7168K, 0% used [0x00000007aea80000,0x00000007aea80000,0x00000007af180000)
 ParOldGen       total 44032K, used 8591K [0x0000000780000000, 0x0000000782b00000, 0x00000007aab00000)
  object space 44032K, 19% used [0x0000000780000000,0x0000000780863d58,0x0000000782b00000)
 Metaspace       used 20845K, capacity 21104K, committed 21296K, reserved 1069056K
  class space    used 2560K, capacity 2635K, committed 2688K, reserved 1048576K
Event: 2.164 GC heap after
Heap after GC invocations=7 (full 0):
 PSYoungGen      total 72192K, used 3475K [0x00000007aab00000, 0x00000007b3800000, 0x00000007c0000000)
  eden space 65024K, 0% used [0x00000007aab00000,0x00000007aab00000,0x00000007aea80000)
  from space 7168K, 48% used [0x00000007aea80000,0x00000007aede4fc0,0x00000007af180000)
  to   space 7168K, 0% used [0x00000007b3100000,0x00000007b3100000,0x00000007b3800000)
 ParOldGen       total 44032K, used 9641K [0x0000000780000000, 0x0000000782b00000, 0x00000007aab00000)
  object space 44032K, 21% used [0x0000000780000000,0x000000078096a5a8,0x0000000782b00000)
 Metaspace       used 20845K, capacity 21104K, committed 21296K, reserved 1069056K
  class space    used 2560K, capacity 2635K, committed 2688K, reserved 1048576K
}
Event: 2.164 GC heap before
{Heap before GC invocations=8 (full 1):
 PSYoungGen      total 72192K, used 3475K [0x00000007aab00000, 0x00000007b3800000, 0x00000007c0000000)
  eden space 65024K, 0% used [0x00000007aab00000,0x00000007aab00000,0x00000007aea80000)
  from space 7168K, 48% used [0x00000007aea80000,0x00000007aede4fc0,0x00000007af180000)
  to   space 7168K, 0% used [0x00000007b3100000,0x00000007b3100000,0x00000007b3800000)
 ParOldGen       total 44032K, used 9641K [0x0000000780000000, 0x0000000782b00000, 0x00000007aab00000)
  object space 44032K, 21% used [0x0000000780000000,0x000000078096a5a8,0x0000000782b00000)
 Metaspace       used 20845K, capacity 21104K, committed 21296K, reserved 1069056K
  class space    used 2560K, capacity 2635K, committed 2688K, reserved 1048576K
Event: 2.212 GC heap after
Heap after GC invocations=8 (full 1):
 PSYoungGen      total 72192K, used 0K [0x00000007aab00000, 0x00000007b3800000, 0x00000007c0000000)
  eden space 65024K, 0% used [0x00000007aab00000,0x00000007aab00000,0x00000007aea80000)
  from space 7168K, 0% used [0x00000007aea80000,0x00000007aea80000,0x00000007af180000)
  to   space 7168K, 0% used [0x00000007b3100000,0x00000007b3100000,0x00000007b3800000)
 ParOldGen       total 34816K, used 7916K [0x0000000780000000, 0x0000000782200000, 0x00000007aab00000)
  object space 34816K, 22% used [0x0000000780000000,0x00000007807bb260,0x0000000782200000)
 Metaspace       used 20845K, capacity 21104K, committed 21296K, reserved 1069056K
  class space    used 2560K, capacity 2635K, committed 2688K, reserved 1048576K
}
Event: 3.081 GC heap before
{Heap before GC invocations=9 (full 1):
 PSYoungGen      total 72192K, used 65024K [0x00000007aab00000, 0x00000007b3800000, 0x00000007c0000000)
  eden space 65024K, 100% used [0x00000007aab00000,0x00000007aea80000,0x00000007aea80000)
  from space 7168K, 0% used [0x00000007aea80000,0x00000007aea80000,0x00000007af180000)
  to   space 7168K, 0% used [0x00000007b3100000,0x00000007b3100000,0x00000007b3800000)
 ParOldGen       total 34816K, used 7916K [0x0000000780000000, 0x0000000782200000, 0x00000007aab00000)
  object space 34816K, 22% used [0x0000000780000000,0x00000007807bb260,0x0000000782200000)
 Metaspace       used 25747K, capacity 26018K, committed 26368K, reserved 1073152K
  class space    used 3171K, capacity 3246K, committed 3328K, reserved 1048576K
Event: 3.097 GC heap after
Heap after GC invocations=9 (full 1):
 PSYoungGen      total 110592K, used 7144K [0x00000007aab00000, 0x00000007b3800000, 0x00000007c0000000)
  eden space 103424K, 0% used [0x00000007aab00000,0x00000007aab00000,0x00000007b1000000)
  from space 7168K, 99% used [0x00000007b3100000,0x00000007b37fa060,0x00000007b3800000)
  to   space 9216K, 0% used [0x00000007b2600000,0x00000007b2600000,0x00000007b2f00000)
 ParOldGen       total 34816K, used 10479K [0x0000000780000000, 0x0000000782200000, 0x00000007aab00000)
  object space 34816K, 30% used [0x0000000780000000,0x0000000780a3be58,0x0000000782200000)
 Metaspace       used 25747K, capacity 26018K, committed 26368K, reserved 1073152K
  class space    used 3171K, capacity 3246K, committed 3328K, reserved 1048576K
}
Event: 4.198 GC heap before
{Heap before GC invocations=10 (full 1):
 PSYoungGen      total 110592K, used 110568K [0x00000007aab00000, 0x00000007b3800000, 0x00000007c0000000)
  eden space 103424K, 100% used [0x00000007aab00000,0x00000007b1000000,0x00000007b1000000)
  from space 7168K, 99% used [0x00000007b3100000,0x00000007b37fa060,0x00000007b3800000)
  to   space 9216K, 0% used [0x00000007b2600000,0x00000007b2600000,0x00000007b2f00000)
 ParOldGen       total 34816K, used 10479K [0x0000000780000000, 0x0000000782200000, 0x00000007aab00000)
  object space 34816K, 30% used [0x0000000780000000,0x0000000780a3be58,0x0000000782200000)
 Metaspace       used 28846K, capacity 29170K, committed 29312K, reserved 1075200K
  class space    used 3579K, capacity 3654K, committed 3712K, reserved 1048576K
Event: 4.217 GC heap after
Heap after GC invocations=10 (full 1):
 PSYoungGen      total 135168K, used 9207K [0x00000007aab00000, 0x00000007b4a80000, 0x00000007c0000000)
  eden space 125952K, 0% used [0x00000007aab00000,0x00000007aab00000,0x00000007b2600000)
  from space 9216K, 99% used [0x00000007b2600000,0x00000007b2efdd50,0x00000007b2f00000)
  to   space 12288K, 0% used [0x00000007b3e80000,0x00000007b3e80000,0x00000007b4a80000)
 ParOldGen       total 34816K, used 14801K [0x0000000780000000, 0x0000000782200000, 0x00000007aab00000)
  object space 34816K, 42% used [0x0000000780000000,0x0000000780e747e0,0x0000000782200000)
 Metaspace       used 28846K, capacity 29170K, committed 29312K, reserved 1075200K
  class space    used 3579K, capacity 3654K, committed 3712K, reserved 1048576K
}

Deoptimization events (10 events):
Event: 4.515 Thread 0x00007f86da803000 Uncommon trap: reason=unstable_if action=reinterpret pc=0x00000001117086f4 method=org.springframework.util.ConcurrentReferenceHashMap$Segment.clear()V @ 4
Event: 4.598 Thread 0x00007f86da803000 Uncommon trap: reason=bimorphic action=maybe_recompile pc=0x00000001117cec1c method=java.util.Hashtable.get(Ljava/lang/Object;)Ljava/lang/Object; @ 6
Event: 4.598 Thread 0x00007f86da803000 Uncommon trap: reason=bimorphic action=maybe_recompile pc=0x00000001117cec1c method=java.util.Hashtable.get(Ljava/lang/Object;)Ljava/lang/Object; @ 6
Event: 9.409 Thread 0x00007f86d9495000 Uncommon trap: reason=null_check action=make_not_entrant pc=0x0000000111ae9060 method=org.springframework.core.annotation.AnnotatedElementUtils.searchWithFindSemantics(Ljava/lang/reflect/AnnotatedElement;Ljava/lang/Class;Ljava/lang/String;Ljava/lang/Class
Event: 9.475 Thread 0x00007f86d9495000 Uncommon trap: reason=class_check action=maybe_recompile pc=0x0000000111293bd4 method=java.util.regex.Matcher.search(I)Z @ 86
Event: 9.475 Thread 0x00007f86d9495000 Uncommon trap: reason=class_check action=maybe_recompile pc=0x0000000111293bd4 method=java.util.regex.Matcher.search(I)Z @ 86
Event: 9.495 Thread 0x00007f86d9495000 Uncommon trap: reason=unstable_if action=reinterpret pc=0x000000011173cdac method=java.io.File.getName()Ljava/lang/String; @ 16
Event: 9.495 Thread 0x00007f86d9495000 Uncommon trap: reason=unstable_if action=reinterpret pc=0x000000011172fcc8 method=java.io.File.getName()Ljava/lang/String; @ 16
Event: 9.496 Thread 0x00007f86d9495000 Uncommon trap: reason=unstable_if action=reinterpret pc=0x00000001118d3234 method=java.lang.StringCoding.encode(Ljava/lang/String;[CII)[B @ 38
Event: 9.890 Thread 0x00007f86d9495000 Uncommon trap: reason=unstable_if action=reinterpret pc=0x0000000111b530e8 method=java.lang.Math.min(JJ)J @ 3

Internal exceptions (10 events):
Event: 9.378 Thread 0x00007f86d9495000 Exception <a 'java/lang/ClassNotFoundException': java/lang/ObjectCustomizer> (0x00000007ad625ac0) thrown at [/Users/java_re/workspace/8-2-build-macosx-x86_64/jdk8u144/9417/hotspot/src/share/vm/classfile/systemDictionary.cpp, line 210]
Event: 9.379 Thread 0x00007f86d9495000 Exception <a 'java/lang/ClassNotFoundException': org/springframework/web/servlet/view/DefaultRequestToViewNameTranslatorCustomizer> (0x00000007ad642390) thrown at [/Users/java_re/workspace/8-2-build-macosx-x86_64/jdk8u144/9417/hotspot/src/share/vm/classfi
Event: 9.380 Thread 0x00007f86d9495000 Exception <a 'java/lang/ClassNotFoundException': org/springframework/web/servlet/RequestToViewNameTranslatorCustomizer> (0x00000007ad66a838) thrown at [/Users/java_re/workspace/8-2-build-macosx-x86_64/jdk8u144/9417/hotspot/src/share/vm/classfile/systemDic
Event: 9.384 Thread 0x00007f86d9495000 Exception <a 'java/lang/ClassNotFoundException': java/lang/ObjectCustomizer> (0x00000007ad699518) thrown at [/Users/java_re/workspace/8-2-build-macosx-x86_64/jdk8u144/9417/hotspot/src/share/vm/classfile/systemDictionary.cpp, line 210]
Event: 9.385 Thread 0x00007f86d9495000 Exception <a 'java/lang/ClassNotFoundException': org/springframework/web/servlet/support/AbstractFlashMapManagerCustomizer> (0x00000007ad6b43b0) thrown at [/Users/java_re/workspace/8-2-build-macosx-x86_64/jdk8u144/9417/hotspot/src/share/vm/classfile/syste
Event: 9.385 Thread 0x00007f86d9495000 Exception <a 'java/lang/ClassNotFoundException': org/springframework/web/servlet/support/SessionFlashMapManagerCustomizer> (0x00000007ad6d30a0) thrown at [/Users/java_re/workspace/8-2-build-macosx-x86_64/jdk8u144/9417/hotspot/src/share/vm/classfile/system
Event: 9.386 Thread 0x00007f86d9495000 Exception <a 'java/lang/ClassNotFoundException': org/springframework/web/servlet/FlashMapManagerCustomizer> (0x00000007ad6e9f88) thrown at [/Users/java_re/workspace/8-2-build-macosx-x86_64/jdk8u144/9417/hotspot/src/share/vm/classfile/systemDictionary.cpp,
Event: 9.409 Thread 0x00007f86d9495000 Implicit null exception at 0x0000000111adf91c to 0x0000000111ae903d
Event: 9.546 Thread 0x00007f86d9495000 Exception <a 'java/io/FileNotFoundException'> (0x00000007add506b8) thrown at [/Users/java_re/workspace/8-2-build-macosx-x86_64/jdk8u144/9417/hotspot/src/share/vm/prims/jni.cpp, line 709]
Event: 9.546 Thread 0x00007f86d9495000 Exception <a 'java/io/FileNotFoundException'> (0x00000007add515d8) thrown at [/Users/java_re/workspace/8-2-build-macosx-x86_64/jdk8u144/9417/hotspot/src/share/vm/prims/jni.cpp, line 709]

Events (10 events):
Event: 9.844 Executing VM operation: Deoptimize done
Event: 9.844 loading class java/awt/image/DataBufferShort
Event: 9.844 loading class java/awt/image/DataBufferShort done
Event: 9.844 loading class java/awt/image/DataBufferInt
Event: 9.845 loading class java/awt/image/DataBufferInt done
Event: 9.890 Thread 0x00007f86d9495000 Uncommon trap: trap_request=0xffffff65 fr.pc=0x0000000111b530e8
Event: 9.890 Thread 0x00007f86d9495000 DEOPT PACKING pc=0x0000000111b530e8 sp=0x0000000127456f70
Event: 9.890 Thread 0x00007f86d9495000 DEOPT UNPACKING pc=0x0000000110fac229 sp=0x0000000127456f38 mode 2
Event: 9.922 loading class java/lang/StrictMath
Event: 9.922 loading class java/lang/StrictMath done


Dynamic libraries:
0x000000000288b000 	/System/Library/Frameworks/Cocoa.framework/Versions/A/Cocoa
0x000000000288b000 	/System/Library/Frameworks/Security.framework/Versions/A/Security
0x000000000288b000 	/System/Library/Frameworks/ApplicationServices.framework/Versions/A/ApplicationServices
0x000000000288b000 	/usr/lib/libz.1.dylib
0x000000000288b000 	/usr/lib/libSystem.B.dylib
0x000000000288b000 	/usr/lib/libobjc.A.dylib
0x000000000288b000 	/System/Library/Frameworks/CoreFoundation.framework/Versions/A/CoreFoundation
0x000000000288b000 	/System/Library/Frameworks/Foundation.framework/Versions/C/Foundation
0x000000000288b000 	/System/Library/Frameworks/AppKit.framework/Versions/C/AppKit
0x000000000288b000 	/System/Library/Frameworks/CoreData.framework/Versions/A/CoreData
0x000000000288b000 	/System/Library/PrivateFrameworks/RemoteViewServices.framework/Versions/A/RemoteViewServices
0x000000000288b000 	/System/Library/Frameworks/AudioToolbox.framework/Versions/A/AudioToolbox
0x000000000288b000 	/System/Library/Frameworks/AudioUnit.framework/Versions/A/AudioUnit
0x000000000288b000 	/System/Library/PrivateFrameworks/DataDetectorsCore.framework/Versions/A/DataDetectorsCore
0x000000000288b000 	/System/Library/PrivateFrameworks/DesktopServicesPriv.framework/Versions/A/DesktopServicesPriv
0x000000000288b000 	/System/Library/Frameworks/Carbon.framework/Versions/A/Frameworks/HIToolbox.framework/Versions/A/HIToolbox
0x000000000288b000 	/System/Library/Frameworks/QuartzCore.framework/Versions/A/QuartzCore
0x000000000288b000 	/System/Library/Frameworks/Carbon.framework/Versions/A/Frameworks/SpeechRecognition.framework/Versions/A/SpeechRecognition
0x000000000288b000 	/usr/lib/libauto.dylib
0x000000000288b000 	/usr/lib/libicucore.A.dylib
0x000000000288b000 	/usr/lib/libxml2.2.dylib
0x000000000288b000 	/System/Library/PrivateFrameworks/CoreUI.framework/Versions/A/CoreUI
0x000000000288b000 	/System/Library/Frameworks/CoreAudio.framework/Versions/A/CoreAudio
0x000000000288b000 	/System/Library/Frameworks/DiskArbitration.framework/Versions/A/DiskArbitration
0x000000000288b000 	/usr/lib/liblangid.dylib
0x000000000288b000 	/System/Library/PrivateFrameworks/MultitouchSupport.framework/Versions/A/MultitouchSupport
0x000000000288b000 	/System/Library/Frameworks/IOKit.framework/Versions/A/IOKit
0x000000000288b000 	/usr/lib/libDiagnosticMessagesClient.dylib
0x000000000288b000 	/System/Library/Frameworks/CoreServices.framework/Versions/A/CoreServices
0x000000000288b000 	/System/Library/PrivateFrameworks/PerformanceAnalysis.framework/Versions/A/PerformanceAnalysis
0x000000000288b000 	/System/Library/PrivateFrameworks/GenerationalStorage.framework/Versions/A/GenerationalStorage
0x000000000288b000 	/System/Library/Frameworks/OpenGL.framework/Versions/A/OpenGL
0x000000000288b000 	/System/Library/PrivateFrameworks/Sharing.framework/Versions/A/Sharing
0x000000000288b000 	/System/Library/Frameworks/ImageIO.framework/Versions/A/ImageIO
0x000000000288b000 	/System/Library/Frameworks/CoreText.framework/Versions/A/CoreText
0x000000000288b000 	/System/Library/Frameworks/CoreGraphics.framework/Versions/A/CoreGraphics
0x000000000288b000 	/System/Library/PrivateFrameworks/Backup.framework/Versions/A/Backup
0x000000000288b000 	/System/Library/Frameworks/CFNetwork.framework/Versions/A/CFNetwork
0x000000000288b000 	/System/Library/Frameworks/SystemConfiguration.framework/Versions/A/SystemConfiguration
0x000000000288b000 	/usr/lib/libCRFSuite.dylib
0x000000000288b000 	/usr/lib/libc++.1.dylib
0x000000000288b000 	/usr/lib/libc++abi.dylib
0x000000000288b000 	/usr/lib/system/libcache.dylib
0x000000000288b000 	/usr/lib/system/libcommonCrypto.dylib
0x000000000288b000 	/usr/lib/system/libcompiler_rt.dylib
0x000000000288b000 	/usr/lib/system/libcopyfile.dylib
0x000000000288b000 	/usr/lib/system/libcorecrypto.dylib
0x000000000288b000 	/usr/lib/system/libdispatch.dylib
0x000000000288b000 	/usr/lib/system/libdyld.dylib
0x000000000288b000 	/usr/lib/system/libkeymgr.dylib
0x000000000288b000 	/usr/lib/system/liblaunch.dylib
0x000000000288b000 	/usr/lib/system/libmacho.dylib
0x000000000288b000 	/usr/lib/system/libquarantine.dylib
0x000000000288b000 	/usr/lib/system/libremovefile.dylib
0x000000000288b000 	/usr/lib/system/libsystem_asl.dylib
0x000000000288b000 	/usr/lib/system/libsystem_blocks.dylib
0x000000000288b000 	/usr/lib/system/libsystem_c.dylib
0x000000000288b000 	/usr/lib/system/libsystem_configuration.dylib
0x000000000288b000 	/usr/lib/system/libsystem_dnssd.dylib
0x000000000288b000 	/usr/lib/system/libsystem_info.dylib
0x000000000288b000 	/usr/lib/system/libsystem_kernel.dylib
0x000000000288b000 	/usr/lib/system/libsystem_m.dylib
0x000000000288b000 	/usr/lib/system/libsystem_malloc.dylib
0x000000000288b000 	/usr/lib/system/libsystem_network.dylib
0x000000000288b000 	/usr/lib/system/libsystem_notify.dylib
0x000000000288b000 	/usr/lib/system/libsystem_platform.dylib
0x000000000288b000 	/usr/lib/system/libsystem_pthread.dylib
0x000000000288b000 	/usr/lib/system/libsystem_sandbox.dylib
0x000000000288b000 	/usr/lib/system/libsystem_stats.dylib
0x000000000288b000 	/usr/lib/system/libunc.dylib
0x000000000288b000 	/usr/lib/system/libunwind.dylib
0x000000000288b000 	/usr/lib/system/libxpc.dylib
0x000000000288b000 	/usr/lib/libbsm.0.dylib
0x000000000288b000 	/usr/lib/libsqlite3.dylib
0x000000000288b000 	/usr/lib/libxar.1.dylib
0x000000000288b000 	/usr/lib/libpam.2.dylib
0x000000000288b000 	/usr/lib/libOpenScriptingUtil.dylib
0x000000000288b000 	/usr/lib/libbz2.1.0.dylib
0x000000000288b000 	/System/Library/Frameworks/CoreServices.framework/Versions/A/Frameworks/CarbonCore.framework/Versions/A/CarbonCore
0x000000000288b000 	/System/Library/Frameworks/CoreServices.framework/Versions/A/Frameworks/Metadata.framework/Versions/A/Metadata
0x000000000288b000 	/System/Library/Frameworks/CoreServices.framework/Versions/A/Frameworks/OSServices.framework/Versions/A/OSServices
0x000000000288b000 	/System/Library/Frameworks/CoreServices.framework/Versions/A/Frameworks/SearchKit.framework/Versions/A/SearchKit
0x000000000288b000 	/System/Library/Frameworks/CoreServices.framework/Versions/A/Frameworks/AE.framework/Versions/A/AE
0x000000000288b000 	/System/Library/Frameworks/CoreServices.framework/Versions/A/Frameworks/LaunchServices.framework/Versions/A/LaunchServices
0x000000000288b000 	/System/Library/Frameworks/CoreServices.framework/Versions/A/Frameworks/DictionaryServices.framework/Versions/A/DictionaryServices
0x000000000288b000 	/System/Library/Frameworks/NetFS.framework/Versions/A/NetFS
0x000000000288b000 	/usr/lib/system/libkxld.dylib
0x000000000288b000 	/System/Library/PrivateFrameworks/NetAuth.framework/Versions/A/NetAuth
0x000000000288b000 	/System/Library/PrivateFrameworks/TCC.framework/Versions/A/TCC
0x000000000288b000 	/System/Library/Frameworks/OpenDirectory.framework/Versions/A/Frameworks/CFOpenDirectory.framework/Versions/A/CFOpenDirectory
0x000000000288b000 	/System/Library/Frameworks/ServiceManagement.framework/Versions/A/ServiceManagement
0x000000000288b000 	/usr/lib/libxslt.1.dylib
0x000000000288b000 	/System/Library/Frameworks/Carbon.framework/Versions/A/Frameworks/Ink.framework/Versions/A/Ink
0x000000000288b000 	/System/Library/Frameworks/ApplicationServices.framework/Versions/A/Frameworks/ATS.framework/Versions/A/ATS
0x000000000288b000 	/System/Library/Frameworks/ApplicationServices.framework/Versions/A/Frameworks/ColorSync.framework/Versions/A/ColorSync
0x000000000288b000 	/System/Library/Frameworks/ApplicationServices.framework/Versions/A/Frameworks/HIServices.framework/Versions/A/HIServices
0x000000000288b000 	/System/Library/Frameworks/ApplicationServices.framework/Versions/A/Frameworks/LangAnalysis.framework/Versions/A/LangAnalysis
0x000000000288b000 	/System/Library/Frameworks/ApplicationServices.framework/Versions/A/Frameworks/PrintCore.framework/Versions/A/PrintCore
0x000000000288b000 	/System/Library/Frameworks/ApplicationServices.framework/Versions/A/Frameworks/QD.framework/Versions/A/QD
0x000000000288b000 	/System/Library/Frameworks/ApplicationServices.framework/Versions/A/Frameworks/SpeechSynthesis.framework/Versions/A/SpeechSynthesis
0x000000000288b000 	/System/Library/Frameworks/IOSurface.framework/Versions/A/IOSurface
0x000000000288b000 	/System/Library/Frameworks/Accelerate.framework/Versions/A/Accelerate
0x000000000288b000 	/System/Library/Frameworks/Accelerate.framework/Versions/A/Frameworks/vImage.framework/Versions/A/vImage
0x000000000288b000 	/System/Library/Frameworks/Accelerate.framework/Versions/A/Frameworks/vecLib.framework/Versions/A/vecLib
0x000000000288b000 	/System/Library/Frameworks/Accelerate.framework/Versions/A/Frameworks/vecLib.framework/Versions/A/libvDSP.dylib
0x000000000288b000 	/System/Library/Frameworks/Accelerate.framework/Versions/A/Frameworks/vecLib.framework/Versions/A/libvMisc.dylib
0x000000000288b000 	/System/Library/Frameworks/Accelerate.framework/Versions/A/Frameworks/vecLib.framework/Versions/A/libLAPACK.dylib
0x000000000288b000 	/System/Library/Frameworks/Accelerate.framework/Versions/A/Frameworks/vecLib.framework/Versions/A/libBLAS.dylib
0x000000000288b000 	/System/Library/Frameworks/ApplicationServices.framework/Versions/A/Frameworks/ATS.framework/Versions/A/Resources/libFontParser.dylib
0x000000000288b000 	/System/Library/Frameworks/ApplicationServices.framework/Versions/A/Frameworks/ATS.framework/Versions/A/Resources/libFontRegistry.dylib
0x000000000288b000 	/System/Library/Frameworks/ImageIO.framework/Versions/A/Resources/libJPEG.dylib
0x000000000288b000 	/System/Library/Frameworks/ImageIO.framework/Versions/A/Resources/libTIFF.dylib
0x000000000288b000 	/System/Library/Frameworks/ImageIO.framework/Versions/A/Resources/libPng.dylib
0x000000000288b000 	/System/Library/Frameworks/ImageIO.framework/Versions/A/Resources/libGIF.dylib
0x000000000288b000 	/System/Library/Frameworks/ImageIO.framework/Versions/A/Resources/libJP2.dylib
0x000000000288b000 	/System/Library/Frameworks/ImageIO.framework/Versions/A/Resources/libRadiance.dylib
0x000000000288b000 	/usr/lib/libcups.2.dylib
0x000000000288b000 	/System/Library/Frameworks/Kerberos.framework/Versions/A/Kerberos
0x000000000288b000 	/System/Library/Frameworks/GSS.framework/Versions/A/GSS
0x000000000288b000 	/usr/lib/libresolv.9.dylib
0x000000000288b000 	/usr/lib/libiconv.2.dylib
0x000000000288b000 	/System/Library/PrivateFrameworks/Heimdal.framework/Versions/A/Heimdal
0x000000000288b000 	/System/Library/PrivateFrameworks/TrustEvaluationAgent.framework/Versions/A/TrustEvaluationAgent
0x000000000288b000 	/usr/lib/libheimdal-asn1.dylib
0x000000000288b000 	/System/Library/Frameworks/OpenDirectory.framework/Versions/A/OpenDirectory
0x000000000288b000 	/System/Library/PrivateFrameworks/CommonAuth.framework/Versions/A/CommonAuth
0x000000000288b000 	/System/Library/Frameworks/SecurityFoundation.framework/Versions/A/SecurityFoundation
0x000000000288b000 	/System/Library/PrivateFrameworks/Bom.framework/Versions/A/Bom
0x000000000288b000 	/System/Library/Frameworks/CoreVideo.framework/Versions/A/CoreVideo
0x000000000288b000 	/System/Library/Frameworks/QuartzCore.framework/Versions/A/Frameworks/CoreImage.framework/Versions/A/CoreImage
0x000000000288b000 	/System/Library/Frameworks/QuartzCore.framework/Versions/A/Frameworks/ScalableUserInterface.framework/Versions/A/ScalableUserInterface
0x000000000288b000 	/System/Library/Frameworks/OpenGL.framework/Versions/A/Libraries/libGLU.dylib
0x000000000288b000 	/System/Library/Frameworks/OpenGL.framework/Versions/A/Libraries/libGFXShared.dylib
0x000000000288b000 	/System/Library/Frameworks/OpenGL.framework/Versions/A/Libraries/libGL.dylib
0x000000000288b000 	/System/Library/Frameworks/OpenGL.framework/Versions/A/Libraries/libGLImage.dylib
0x000000000288b000 	/System/Library/Frameworks/OpenGL.framework/Versions/A/Libraries/libCVMSPluginSupport.dylib
0x000000000288b000 	/System/Library/Frameworks/OpenGL.framework/Versions/A/Libraries/libCoreVMClient.dylib
0x000000000288b000 	/System/Library/PrivateFrameworks/FaceCore.framework/Versions/A/FaceCore
0x000000000288b000 	/System/Library/PrivateFrameworks/CrashReporterSupport.framework/Versions/A/CrashReporterSupport
0x000000000288b000 	/System/Library/Frameworks/OpenCL.framework/Versions/A/OpenCL
0x000000000288b000 	/System/Library/PrivateFrameworks/AppleFSCompression.framework/Versions/A/AppleFSCompression
0x000000000288b000 	/System/Library/PrivateFrameworks/Ubiquity.framework/Versions/A/Ubiquity
0x000000000288b000 	/System/Library/PrivateFrameworks/IconServices.framework/Versions/A/IconServices
0x000000000288b000 	/System/Library/PrivateFrameworks/ChunkingLibrary.framework/Versions/A/ChunkingLibrary
0x000000000288b000 	/System/Library/PrivateFrameworks/CoreSymbolication.framework/Versions/A/CoreSymbolication
0x000000000288b000 	/System/Library/PrivateFrameworks/Symbolication.framework/Versions/A/Symbolication
0x000000000288b000 	/System/Library/PrivateFrameworks/DebugSymbols.framework/Versions/A/DebugSymbols
0x000000010f578000 	/System/Library/CoreServices/Encodings/libSimplifiedChineseConverter.dylib
0x0000000110000000 	/Library/Java/JavaVirtualMachines/jdk1.8.0_144.jdk/Contents/Home/jre/lib/server/libjvm.dylib
0x000000000288b000 	/usr/lib/libstdc++.6.dylib
0x000000010f757000 	/Library/Java/JavaVirtualMachines/jdk1.8.0_144.jdk/Contents/Home/jre/lib/libverify.dylib
0x000000010f765000 	/Library/Java/JavaVirtualMachines/jdk1.8.0_144.jdk/Contents/Home/jre/lib/libjava.dylib
0x000000010f7a4000 	/Library/Java/JavaVirtualMachines/jdk1.8.0_144.jdk/Contents/Home/jre/lib/libzip.dylib
0x0000000124a7b000 	/System/Library/Frameworks/JavaVM.framework/Frameworks/JavaRuntimeSupport.framework/JavaRuntimeSupport
0x000000010f7ea000 	/System/Library/Frameworks/JavaVM.framework/Versions/A/Frameworks/JavaNativeFoundation.framework/Versions/A/JavaNativeFoundation
0x0000000124a93000 	/System/Library/Frameworks/JavaVM.framework/Versions/A/JavaVM
0x000000000288b000 	/System/Library/Frameworks/Carbon.framework/Versions/A/Carbon
0x0000000124a9f000 	/System/Library/PrivateFrameworks/JavaLaunching.framework/Versions/A/JavaLaunching
0x000000000288b000 	/System/Library/Frameworks/Carbon.framework/Versions/A/Frameworks/CommonPanels.framework/Versions/A/CommonPanels
0x000000000288b000 	/System/Library/Frameworks/Carbon.framework/Versions/A/Frameworks/Help.framework/Versions/A/Help
0x000000000288b000 	/System/Library/Frameworks/Carbon.framework/Versions/A/Frameworks/ImageCapture.framework/Versions/A/ImageCapture
0x000000000288b000 	/System/Library/Frameworks/Carbon.framework/Versions/A/Frameworks/OpenScripting.framework/Versions/A/OpenScripting
0x000000000288b000 	/System/Library/Frameworks/Carbon.framework/Versions/A/Frameworks/Print.framework/Versions/A/Print
0x000000000288b000 	/System/Library/Frameworks/Carbon.framework/Versions/A/Frameworks/SecurityHI.framework/Versions/A/SecurityHI
0x00000001257d3000 	/Library/Java/JavaVirtualMachines/jdk1.8.0_144.jdk/Contents/Home/jre/lib/libmanagement.dylib
0x00000001257e1000 	/Library/Java/JavaVirtualMachines/jdk1.8.0_144.jdk/Contents/Home/jre/lib/libnet.dylib
0x00000001254b9000 	/Library/Java/JavaVirtualMachines/jdk1.8.0_144.jdk/Contents/Home/jre/lib/libnio.dylib
0x0000000124b66000 	/private/var/folders/8d/gddzz33s1lb2y7v8_d3ls8p40000gn/T/jna-2097089998/jna4077428569859667962.tmp
0x00000001285b3000 	/var/folders/8d/gddzz33s1lb2y7v8_d3ls8p40000gn/T/tess4j/darwin/libtesseract.dylib
0x0000000128ad4000 	/opt/local/lib/liblept.5.dylib
0x0000000124b7c000 	/opt/local/lib/libz.1.dylib
0x00000001253b5000 	/opt/local/lib/libpng16.16.dylib
0x0000000125460000 	/opt/local/lib/libjpeg.9.dylib
0x0000000124b90000 	/opt/local/lib/libgif.4.dylib
0x0000000125b84000 	/opt/local/lib/libtiff.5.dylib
0x0000000125bf1000 	/opt/local/lib/libwebp.7.dylib
0x00000001260ad000 	/opt/local/lib/libopenjp2.7.dylib
0x0000000124b99000 	/opt/local/lib/libSM.6.dylib
0x00000001253fa000 	/opt/local/lib/libICE.6.dylib
0x0000000128cd3000 	/opt/local/lib/libX11.6.dylib
0x0000000125494000 	/opt/local/lib/libxcb.1.dylib
0x0000000124ba2000 	/opt/local/lib/libXau.6.dylib
0x0000000124ba6000 	/opt/local/lib/libXdmcp.6.dylib
0x00000001254d3000 	/opt/local/lib/liblzma.5.dylib
0x0000000126fac000 	/Library/Java/JavaVirtualMachines/jdk1.8.0_144.jdk/Contents/Home/jre/lib/libawt.dylib
0x000000012755f000 	/Library/Java/JavaVirtualMachines/jdk1.8.0_144.jdk/Contents/Home/jre/lib/./libmlib_image.dylib
0x0000000128dec000 	/Library/Java/JavaVirtualMachines/jdk1.8.0_144.jdk/Contents/Home/jre/lib/libawt_lwawt.dylib
0x00000001254f6000 	/Library/Java/JavaVirtualMachines/jdk1.8.0_144.jdk/Contents/Home/jre/lib/./libosxapp.dylib
0x000000000288b000 	/System/Library/Frameworks/ExceptionHandling.framework/Versions/A/ExceptionHandling

VM Arguments:
jvm_args: -Dfile.encoding=UTF-8 
java_command: com.citi.alan.myproject.App
java_class_path (initial): /Library/Java/JavaVirtualMachines/jdk1.8.0_144.jdk/Contents/Home/jre/lib/resources.jar:/Library/Java/JavaVirtualMachines/jdk1.8.0_144.jdk/Contents/Home/jre/lib/rt.jar:/Library/Java/JavaVirtualMachines/jdk1.8.0_144.jdk/Contents/Home/jre/lib/jsse.jar:/Library/Java/JavaVirtualMachines/jdk1.8.0_144.jdk/Contents/Home/jre/lib/jce.jar:/Library/Java/JavaVirtualMachines/jdk1.8.0_144.jdk/Contents/Home/jre/lib/charsets.jar:/Library/Java/JavaVirtualMachines/jdk1.8.0_144.jdk/Contents/Home/jre/lib/jfr.jar:/Library/Java/JavaVirtualMachines/jdk1.8.0_144.jdk/Contents/Home/jre/lib/ext/cldrdata.jar:/Library/Java/JavaVirtualMachines/jdk1.8.0_144.jdk/Contents/Home/jre/lib/ext/dnsns.jar:/Library/Java/JavaVirtualMachines/jdk1.8.0_144.jdk/Contents/Home/jre/lib/ext/jaccess.jar:/Library/Java/JavaVirtualMachines/jdk1.8.0_144.jdk/Contents/Home/jre/lib/ext/jfxrt.jar:/Library/Java/JavaVirtualMachines/jdk1.8.0_144.jdk/Contents/Home/jre/lib/ext/localedata.jar:/Library/Java/JavaVirtualMachines/jdk1.8.0_144.jdk/Contents/Home/jre/lib/ext/nashorn.jar:/Library/Java/JavaVirtualMachines/jdk1.8.0_144.jdk/Contents/Home/jre/lib/ext/sunec.jar:/Library/Java/JavaVirtualMachines/jdk1.8.0_144.jdk/Contents/Home/jre/lib/ext/sunjce_provider.jar:/Library/Java/JavaVirtualMachines/jdk1.8.0_144.jdk/Contents/Home/jre/lib/ext/sunpkcs11.jar:/Library/Java/JavaVirtualMachines/jdk1.8.0_144.jdk/Contents/Home/jre/lib/ext/zipfs.jar:/System/Library/Java/Extensions/MRJToolkit.jar:/System/Library/Java/Extensions/QTJava.zip:/Users/gongjiao/git/smart-tool/target/classes:/Users/gongjiao/.m2/repository:/Users/gongjiao/.m2/repository/org/springframework/boot/spring-boot-starter/1.5.6.RELEASE/spring-boot-starter-1.5.6.RELEASE.jar:/Users/gongjiao/.m2/repository/org/springframework/boot/spring-boot/1.5.6.RELEASE/spring-boot-1.5.6.RELEASE.jar:/Users/gongjiao/.m2/repository/org/springframework/spring-context/4.3.10.RELEASE/spring-context-4.3.10.RELEASE.jar:/Users/gongjiao/.m2/repository/org/springframework/boot/
Launcher Type: SUN_STANDARD

Environment Variables:
PATH=/usr/bin:/bin:/usr/sbin:/sbin
SHELL=/bin/bash
DISPLAY=/tmp/launch-8HuO8w/org.macosforge.xquartz:0

Signal Handlers:
SIGSEGV: [libjvm.dylib+0x5b26e5], sa_mask[0]=11111111011111110111111111111111, sa_flags=SA_ONSTACK|SA_RESTART|SA_SIGINFO
SIGBUS: [libjvm.dylib+0x5b26e5], sa_mask[0]=11111111011111110111111111111111, sa_flags=SA_RESTART|SA_SIGINFO
SIGFPE: [libjvm.dylib+0x489100], sa_mask[0]=11111111011111110111111111111111, sa_flags=SA_RESTART|SA_SIGINFO
SIGPIPE: [libjvm.dylib+0x489100], sa_mask[0]=11111111011111110111111111111111, sa_flags=SA_RESTART|SA_SIGINFO
SIGXFSZ: [libjvm.dylib+0x489100], sa_mask[0]=11111111011111110111111111111111, sa_flags=SA_RESTART|SA_SIGINFO
SIGILL: [libjvm.dylib+0x489100], sa_mask[0]=11111111011111110111111111111111, sa_flags=SA_RESTART|SA_SIGINFO
SIGUSR1: SIG_DFL, sa_mask[0]=00000000000000000000000000000000, sa_flags=SA_RESTART
SIGUSR2: [libjvm.dylib+0x488c1e], sa_mask[0]=00100000000000000000000000000000, sa_flags=SA_RESTART|SA_SIGINFO
SIGHUP: [libjvm.dylib+0x4871f5], sa_mask[0]=11111111011111110111111111111111, sa_flags=SA_RESTART|SA_SIGINFO
SIGINT: [libjvm.dylib+0x4871f5], sa_mask[0]=11111111011111110111111111111111, sa_flags=SA_RESTART|SA_SIGINFO
SIGTERM: [libjvm.dylib+0x4871f5], sa_mask[0]=11111111011111110111111111111111, sa_flags=SA_RESTART|SA_SIGINFO
SIGQUIT: [libjvm.dylib+0x4871f5], sa_mask[0]=11111111011111110111111111111111, sa_flags=SA_RESTART|SA_SIGINFO


---------------  S Y S T E M  ---------------

OS:Bsduname:Darwin 13.4.0 Darwin Kernel Version 13.4.0: Mon Jan 11 18:17:34 PST 2016; root:xnu-2422.115.15~1/RELEASE_X86_64 x86_64
rlimit: STACK 8192k, CORE 0k, NPROC 709, NOFILE 10240, AS infinity
load average:2.38 1.86 1.64

CPU:total 4 (initial active 4) (2 cores per cpu, 2 threads per core) family 6 model 69 stepping 1, cmov, cx8, fxsr, mmx, sse, sse2, sse3, ssse3, sse4.1, sse4.2, popcnt, avx, avx2, aes, clmul, erms, lzcnt, ht, tsc, tscinvbit, bmi1, bmi2

Memory: 4k page, physical 4194304k(58500k free)

/proc/meminfo:


vm_info: Java HotSpot(TM) 64-Bit Server VM (25.144-b01) for bsd-amd64 JRE (1.8.0_144-b01), built on Jul 21 2017 22:07:42 by "java_re" with gcc 4.2.1 (Based on Apple Inc. build 5658) (LLVM build 2336.11.00)

time: Tue Dec 12 23:14:20 2017
elapsed time: 10 seconds (0d 0h 0m 10s)

